<?xml version="1.0" encoding="UTF-8"?>
<testng-results ignored="0" total="1" passed="1" failed="0" skipped="0">
  <reporter-output>
  </reporter-output>
  <suite started-at="2026-03-12T15:30:16 ICT" name="Default suite" finished-at="2026-03-12T15:31:25 ICT" duration-ms="68562">
    <groups>
    </groups>
    <test started-at="2026-03-12T15:30:16 ICT" name="Default test" finished-at="2026-03-12T15:31:25 ICT" duration-ms="68562">
      <class name="rahulshettyacademy.eCommerce_tc_3_Hybrid">
        <test-method is-config="true" signature="ConfigireAppium()[pri:0, instance:rahulshettyacademy.eCommerce_tc_3_Hybrid@40ef3420]" started-at="2026-03-12T15:30:16 ICT" name="ConfigireAppium" finished-at="2026-03-12T15:30:19 ICT" duration-ms="2795" status="PASS">
          <reporter-output>
          </reporter-output>
        </test-method> <!-- ConfigireAppium -->
        <test-method signature="fillForm()[pri:0, instance:rahulshettyacademy.eCommerce_tc_3_Hybrid@40ef3420]" started-at="2026-03-12T15:30:19 ICT" name="fillForm" finished-at="2026-03-12T15:31:24 ICT" duration-ms="64938" status="PASS">
          <reporter-output>
          </reporter-output>
        </test-method> <!-- fillForm -->
        <test-method is-config="true" signature="tearDown()[pri:0, instance:rahulshettyacademy.eCommerce_tc_3_Hybrid@40ef3420]" started-at="2026-03-12T15:31:24 ICT" name="tearDown" finished-at="2026-03-12T15:31:25 ICT" duration-ms="814" status="PASS">
          <reporter-output>
          </reporter-output>
        </test-method> <!-- tearDown -->
      </class> <!-- rahulshettyacademy.eCommerce_tc_3_Hybrid -->
    </test> <!-- Default test -->
  </suite> <!-- Default suite -->
</testng-results>
