<?xml version="1.0" encoding="UTF-8"?>
<testng-results ignored="0" total="1" passed="1" failed="0" skipped="0">
  <reporter-output>
  </reporter-output>
  <suite started-at="2026-03-09T17:01:17 ICT" name="Default suite" finished-at="2026-03-09T17:02:06 ICT" duration-ms="48341">
    <groups>
    </groups>
    <test started-at="2026-03-09T17:01:17 ICT" name="Default test" finished-at="2026-03-09T17:02:06 ICT" duration-ms="48341">
      <class name="rahulshettyacademy.eCommerce_tc_2">
        <test-method is-config="true" signature="ConfigireAppium()[pri:0, instance:rahulshettyacademy.eCommerce_tc_2@40ef3420]" started-at="2026-03-09T17:01:17 ICT" name="ConfigireAppium" finished-at="2026-03-09T17:01:21 ICT" duration-ms="4269" status="PASS">
          <reporter-output>
          </reporter-output>
        </test-method> <!-- ConfigireAppium -->
        <test-method signature="fillForm()[pri:0, instance:rahulshettyacademy.eCommerce_tc_2@40ef3420]" started-at="2026-03-09T17:01:21 ICT" name="fillForm" finished-at="2026-03-09T17:02:05 ICT" duration-ms="43116" status="PASS">
          <reporter-output>
          </reporter-output>
        </test-method> <!-- fillForm -->
        <test-method is-config="true" signature="tearDown()[pri:0, instance:rahulshettyacademy.eCommerce_tc_2@40ef3420]" started-at="2026-03-09T17:02:05 ICT" name="tearDown" finished-at="2026-03-09T17:02:06 ICT" duration-ms="940" status="PASS">
          <reporter-output>
          </reporter-output>
        </test-method> <!-- tearDown -->
      </class> <!-- rahulshettyacademy.eCommerce_tc_2 -->
    </test> <!-- Default test -->
  </suite> <!-- Default suite -->
</testng-results>
